#
# There is insufficient memory for the Java Runtime Environment to continue.
# Native memory allocation (malloc) failed to allocate 1048576 bytes for AllocateHeap
# Possible reasons:
#   The system is out of physical RAM or swap space
#   In 32 bit mode, the process size limit was hit
# Possible solutions:
#   Reduce memory load on the system
#   Increase physical memory or swap space
#   Check if swap backing store is full
#   Use 64 bit Java on a 64 bit OS
#   Decrease Java heap size (-Xmx/-Xms)
#   Decrease number of Java threads
#   Decrease Java thread stack sizes (-Xss)
#   Set larger code cache with -XX:ReservedCodeCacheSize=
# This output file may be truncated or incomplete.
#
#  Out of Memory Error (memory/allocation.inline.hpp:61), pid=1280, tid=0x00000000000022a4
#
# JRE version:  (8.0_181-b13) (build )
# Java VM: Java HotSpot(TM) 64-Bit Server VM (25.181-b13 mixed mode windows-amd64 compressed oops)
# Failed to write core dump. Minidumps are not enabled by default on client versions of Windows
#

---------------  T H R E A D  ---------------

Current thread (0x000000000114e800):  JavaThread "Unknown thread" [_thread_in_vm, id=8868, stack(0x00000000030d0000,0x00000000031d0000)]

Stack: [0x00000000030d0000,0x00000000031d0000]
[error occurred during error reporting (printing stack bounds), id 0xc0000005]

Native frames: (J=compiled Java code, j=interpreted, Vv=VM code, C=native code)


---------------  P R O C E S S  ---------------

Java Threads: ( => current thread )

Other Threads:

=>0x000000000114e800 (exited) JavaThread "Unknown thread" [_thread_in_vm, id=8868, stack(0x00000000030d0000,0x00000000031d0000)]

VM state:not at safepoint (normal execution)

VM Mutex/Monitor currently owned by a thread: None

Heap:
 PSYoungGen      total 18432K, used 317K [0x00000000eb780000, 0x00000000ecc00000, 0x0000000100000000)
  eden space 15872K, 2% used [0x00000000eb780000,0x00000000eb7cf5d0,0x00000000ec700000)
  from space 2560K, 0% used [0x00000000ec980000,0x00000000ec980000,0x00000000ecc00000)
  to   space 2560K, 0% used [0x00000000ec700000,0x00000000ec700000,0x00000000ec980000)
 ParOldGen       total 42496K, used 0K [0x00000000c2600000, 0x00000000c4f80000, 0x00000000eb780000)
  object space 42496K, 0% used [0x00000000c2600000,0x00000000c2600000,0x00000000c4f80000)
 Metaspace       used 751K, capacity 4480K, committed 4480K, reserved 1056768K
  class space    used 76K, capacity 384K, committed 384K, reserved 1048576K

Card table byte_map: [0x0000000012690000,0x0000000012880000] byte_map_base: 0x000000001207d000

Marking Bits: (ParMarkBitMap*) 0x0000000068d72d00
 Begin Bits: [0x0000000012dd0000, 0x0000000013d38000)
 End Bits:   [0x0000000013d38000, 0x0000000014ca0000)

Polling page: 0x0000000001100000

CodeCache: size=245760Kb used=328Kb max_used=328Kb free=245431Kb
 bounds [0x00000000032d0000, 0x0000000003540000, 0x00000000122d0000]
 total_blobs=58 nmethods=0 adapters=38
 compilation: enabled

Compilation events (0 events):
No events

GC Heap History (0 events):
No events

Deoptimization events (0 events):
No events

Classes redefined (0 events):
No events

Internal exceptions (0 events):
No events

Events (10 events):
Event: 0.049 loading class java/lang/Short
Event: 0.050 loading class java/lang/Short done
Event: 0.050 loading class java/lang/Integer
Event: 0.050 loading class java/lang/Integer done
Event: 0.050 loading class java/lang/Long
Event: 0.050 loading class java/lang/Long done
Event: 0.051 loading class java/lang/NullPointerException
Event: 0.051 loading class java/lang/NullPointerException done
Event: 0.051 loading class java/lang/ArithmeticException
Event: 0.051 loading class java/lang/ArithmeticException done


Dynamic libraries:
0x00007ff749300000 - 0x00007ff749337000 	C:\Program Files\Java\jre1.8.0_181\bin\javaw.exe
0x00007ff8b7b90000 - 0x00007ff8b7d71000 	C:\WINDOWS\SYSTEM32\ntdll.dll
0x00007ff8b5050000 - 0x00007ff8b5102000 	C:\WINDOWS\System32\KERNEL32.DLL
0x00007ff8b3fe0000 - 0x00007ff8b4253000 	C:\WINDOWS\System32\KERNELBASE.dll
0x00007ff8b52a0000 - 0x00007ff8b5341000 	C:\WINDOWS\System32\ADVAPI32.dll
0x00007ff8b6ee0000 - 0x00007ff8b6f7e000 	C:\WINDOWS\System32\msvcrt.dll
0x00007ff8b5240000 - 0x00007ff8b529b000 	C:\WINDOWS\System32\sechost.dll
0x00007ff8b5110000 - 0x00007ff8b5234000 	C:\WINDOWS\System32\RPCRT4.dll
0x00007ff8b6cc0000 - 0x00007ff8b6e50000 	C:\WINDOWS\System32\USER32.dll
0x00007ff8b3f60000 - 0x00007ff8b3f80000 	C:\WINDOWS\System32\win32u.dll
0x00007ff8b5020000 - 0x00007ff8b5048000 	C:\WINDOWS\System32\GDI32.dll
0x00007ff8b43b0000 - 0x00007ff8b4542000 	C:\WINDOWS\System32\gdi32full.dll
0x00007ff8b4260000 - 0x00007ff8b42ff000 	C:\WINDOWS\System32\msvcp_win.dll
0x00007ff8b4550000 - 0x00007ff8b464a000 	C:\WINDOWS\System32\ucrtbase.dll
0x00007ff8a7040000 - 0x00007ff8a72a9000 	C:\WINDOWS\WinSxS\amd64_microsoft.windows.common-controls_6595b64144ccf1df_6.0.17134.167_none_fb4496d930639c5a\COMCTL32.dll
0x00007ff8b7830000 - 0x00007ff8b7b53000 	C:\WINDOWS\System32\combase.dll
0x00007ff8b4890000 - 0x00007ff8b490a000 	C:\WINDOWS\System32\bcryptPrimitives.dll
0x00007ff8b6a70000 - 0x00007ff8b6a9d000 	C:\WINDOWS\System32\IMM32.DLL
0x0000000068180000 - 0x0000000068252000 	C:\Program Files\Java\jre1.8.0_181\bin\msvcr100.dll
0x0000000068550000 - 0x0000000068df2000 	C:\Program Files\Java\jre1.8.0_181\bin\server\jvm.dll
0x00007ff8b6e50000 - 0x00007ff8b6e58000 	C:\WINDOWS\System32\PSAPI.DLL
0x00007ff8b0960000 - 0x00007ff8b0983000 	C:\WINDOWS\SYSTEM32\WINMM.dll
0x00007ff8ac260000 - 0x00007ff8ac269000 	C:\WINDOWS\SYSTEM32\WSOCK32.dll
0x00007ff8a72d0000 - 0x00007ff8a72da000 	C:\WINDOWS\SYSTEM32\VERSION.dll
0x00007ff8b6e60000 - 0x00007ff8b6ecc000 	C:\WINDOWS\System32\WS2_32.dll
0x00007ff8b0930000 - 0x00007ff8b095a000 	C:\WINDOWS\SYSTEM32\WINMMBASE.dll
0x00007ff8b4650000 - 0x00007ff8b4699000 	C:\WINDOWS\System32\cfgmgr32.dll
0x0000000068460000 - 0x000000006846f000 	C:\Program Files\Java\jre1.8.0_181\bin\verify.dll
0x0000000068430000 - 0x0000000068459000 	C:\Program Files\Java\jre1.8.0_181\bin\java.dll
0x0000000068410000 - 0x0000000068426000 	C:\Program Files\Java\jre1.8.0_181\bin\zip.dll

VM Arguments:
jvm_args: -Dfile.encoding=Cp1252 
java_command: org.first.Asgn1
java_class_path (initial): C:\Program Files\Java\jre1.8.0_181\lib\resources.jar;C:\Program Files\Java\jre1.8.0_181\lib\rt.jar;C:\Program Files\Java\jre1.8.0_181\lib\jsse.jar;C:\Program Files\Java\jre1.8.0_181\lib\jce.jar;C:\Program Files\Java\jre1.8.0_181\lib\charsets.jar;C:\Program Files\Java\jre1.8.0_181\lib\jfr.jar;C:\Program Files\Java\jre1.8.0_181\lib\ext\access-bridge-64.jar;C:\Program Files\Java\jre1.8.0_181\lib\ext\cldrdata.jar;C:\Program Files\Java\jre1.8.0_181\lib\ext\dnsns.jar;C:\Program Files\Java\jre1.8.0_181\lib\ext\jaccess.jar;C:\Program Files\Java\jre1.8.0_181\lib\ext\jfxrt.jar;C:\Program Files\Java\jre1.8.0_181\lib\ext\localedata.jar;C:\Program Files\Java\jre1.8.0_181\lib\ext\nashorn.jar;C:\Program Files\Java\jre1.8.0_181\lib\ext\sunec.jar;C:\Program Files\Java\jre1.8.0_181\lib\ext\sunjce_provider.jar;C:\Program Files\Java\jre1.8.0_181\lib\ext\sunmscapi.jar;C:\Program Files\Java\jre1.8.0_181\lib\ext\sunpkcs11.jar;C:\Program Files\Java\jre1.8.0_181\lib\ext\zipfs.jar;C:\Users\Sathish Kumar\eclipse-workspace\java\bin;F:\Softwares\Selenium\selenium-server-standalone-3.13.0.jar
Launcher Type: SUN_STANDARD

Environment Variables:
JAVA_HOME=C:\Program Files\Java\jdk1.8.0_20
PATH=C:/Program Files/Java/jre1.8.0_181/bin/server;C:/Program Files/Java/jre1.8.0_181/bin;C:/Program Files/Java/jre1.8.0_181/lib/amd64;C:\Program Files (x86)\Common Files\Oracle\Java\javapath;C:\oracle\product\10.2.0\db_2\bin;C:\oracle\product\10.2.0\db_1\bin;C:\WINDOWS\system32;C:\WINDOWS;C:\WINDOWS\System32\Wbem;C:\WINDOWS\System32\WindowsPowerShell\v1.0\;C:\Program Files\Java\jdk1.8.0_20\bin;C:\WINDOWS\System32\OpenSSH\;C:\Users\Sathish Kumar\AppData\Local\Microsoft\WindowsApps;;F:\Softwares\eclipse-java-photon-R-win32-x86_64\eclipse;
USERNAME=Sathish Kumar
OS=Windows_NT
PROCESSOR_IDENTIFIER=Intel64 Family 6 Model 78 Stepping 3, GenuineIntel



---------------  S Y S T E M  ---------------

OS: Windows 10.0 , 64 bit Build 17134 (10.0.17134.1)

CPU:total 4 (initial active 4) (2 cores per cpu, 2 threads per core) family 6 model 78 stepping 3, cmov, cx8, fxsr, mmx, sse, sse2, sse3, ssse3, sse4.1, sse4.2, popcnt, avx, avx2, aes, clmul, erms, rtm, 3dnowpref, lzcnt, ht, tsc, tscinvbit, bmi1, bmi2, adx

Memory: 4k page, physical 4030728k(554928k free), swap 4030728k(5596k free)

vm_info: Java HotSpot(TM) 64-Bit Server VM (25.181-b13) for windows-amd64 JRE (1.8.0_181-b13), built on Jul  7 2018 04:01:33 by "java_re" with MS VC++ 10.0 (VS2010)

time: Sat Aug 11 13:50:40 2018
elapsed time: 0 seconds (0d 0h 0m 0s)

